#
# There is insufficient memory for the Java Runtime Environment to continue.
# Native memory allocation (mmap) failed to map 67108864 bytes for committing reserved memory.
# Possible reasons:
#   The system is out of physical RAM or swap space
#   In 32 bit mode, the process size limit was hit
# Possible solutions:
#   Reduce memory load on the system
#   Increase physical memory or swap space
#   Check if swap backing store is full
#   Use 64 bit Java on a 64 bit OS
#   Decrease Java heap size (-Xmx/-Xms)
#   Decrease number of Java threads
#   Decrease Java thread stack sizes (-Xss)
#   Set larger code cache with -XX:ReservedCodeCacheSize=
# This output file may be truncated or incomplete.
#
#  Out of Memory Error (os_linux.cpp:2743), pid=16433, tid=0x00007fe8ffcfc700
#
# JRE version: Java(TM) SE Runtime Environment (8.0_191-b12) (build 1.8.0_191-b12)
# Java VM: Java HotSpot(TM) 64-Bit Server VM (25.191-b12 mixed mode linux-amd64 compressed oops)
# Failed to write core dump. Core dumps have been disabled. To enable core dumping, try "ulimit -c unlimited" before starting Java again
#

---------------  T H R E A D  ---------------

Current thread (0x00007fe91807c800):  VMThread [stack: 0x00007fe8ffbfd000,0x00007fe8ffcfd000] [id=16444]

Stack: [0x00007fe8ffbfd000,0x00007fe8ffcfd000],  sp=0x00007fe8ffcfb430,  free space=1017k
Native frames: (J=compiled Java code, j=interpreted, Vv=VM code, C=native code)
V  [libjvm.so+0xace425]  VMError::report_and_die()+0x2c5
V  [libjvm.so+0x4deb77]  report_vm_out_of_memory(char const*, int, unsigned long, VMErrorType, char const*)+0x67
V  [libjvm.so+0x90c570]  os::pd_commit_memory(char*, unsigned long, unsigned long, bool)+0x100
V  [libjvm.so+0x903eaf]  os::commit_memory(char*, unsigned long, unsigned long, bool)+0x1f
V  [libjvm.so+0x988346]  PSVirtualSpace::expand_by(unsigned long)+0x56
V  [libjvm.so+0x9895d8]  PSYoungGen::resize(unsigned long, unsigned long)+0xd8
V  [libjvm.so+0x985d66]  PSScavenge::invoke_no_policy()+0x1356
V  [libjvm.so+0x98610c]  PSScavenge::invoke()+0x4c
V  [libjvm.so+0x935fb8]  ParallelScavengeHeap::failed_mem_allocate(unsigned long)+0x68
V  [libjvm.so+0xacff53]  VM_ParallelGCFailedAllocation::doit()+0x93
V  [libjvm.so+0xad50f6]  VM_Operation::evaluate()+0x46
V  [libjvm.so+0xad347d]  VMThread::evaluate_operation(VM_Operation*) [clone .constprop.44]+0xcd
V  [libjvm.so+0xad3a3b]  VMThread::loop()+0x37b
V  [libjvm.so+0xad3de8]  VMThread::run()+0x78
V  [libjvm.so+0x909c92]  java_start(Thread*)+0x102

VM_Operation (0x00007fe8fe75a5b0): ParallelGCFailedAllocation, mode: safepoint, requested by thread 0x00007fe8c4005000


---------------  P R O C E S S  ---------------

Java Threads: ( => current thread )
  0x00007fe8c4005000 JavaThread "restartedMain" [_thread_blocked, id=16455, stack(0x00007fe8fe660000,0x00007fe8fe761000)]
  0x00007fe9186c1800 JavaThread "Thread-0" [_thread_blocked, id=16454, stack(0x00007fe8fe761000,0x00007fe8fe862000)]
  0x00007fe9180cf000 JavaThread "Service Thread" daemon [_thread_blocked, id=16451, stack(0x00007fe8feb26000,0x00007fe8fec27000)]
  0x00007fe9180c1800 JavaThread "C1 CompilerThread2" daemon [_thread_blocked, id=16450, stack(0x00007fe8fec28000,0x00007fe8fed28000)]
  0x00007fe9180c0000 JavaThread "C2 CompilerThread1" daemon [_thread_blocked, id=16449, stack(0x00007fe8fed29000,0x00007fe8fee29000)]
  0x00007fe9180bd000 JavaThread "C2 CompilerThread0" daemon [_thread_blocked, id=16448, stack(0x00007fe8fee2a000,0x00007fe8fef2a000)]
  0x00007fe9180bb800 JavaThread "Signal Dispatcher" daemon [_thread_blocked, id=16447, stack(0x00007fe8fef2a000,0x00007fe8ff02b000)]
  0x00007fe918088800 JavaThread "Finalizer" daemon [_thread_blocked, id=16446, stack(0x00007fe8ff9fa000,0x00007fe8ffafb000)]
  0x00007fe918086000 JavaThread "Reference Handler" daemon [_thread_blocked, id=16445, stack(0x00007fe8ffafb000,0x00007fe8ffbfc000)]
  0x00007fe91800e000 JavaThread "main" [_thread_blocked, id=16439, stack(0x00007fe91e1d4000,0x00007fe91e2d4000)]

Other Threads:
=>0x00007fe91807c800 VMThread [stack: 0x00007fe8ffbfd000,0x00007fe8ffcfd000] [id=16444]
  0x00007fe9180d3800 WatcherThread [stack: 0x00007fe8fea26000,0x00007fe8feb26000] [id=16452]

VM state:at safepoint (normal execution)

VM Mutex/Monitor currently owned by a thread:  ([mutex/lock_event])
[0x00007fe91800aad0] Threads_lock - owner thread: 0x00007fe91807c800
[0x00007fe91800afd0] Heap_lock - owner thread: 0x00007fe8c4005000

Heap:
 PSYoungGen      total 127488K, used 7524K [0x00000000ec100000, 0x00000000f4600000, 0x0000000100000000)
  eden space 119808K, 0% used [0x00000000ec100000,0x00000000ec100000,0x00000000f3600000)
  from space 7680K, 97% used [0x00000000f3600000,0x00000000f3d59250,0x00000000f3d80000)
  to   space 6656K, 0% used [0x00000000f3d80000,0x00000000f3d80000,0x00000000f4400000)
 ParOldGen       total 27648K, used 8313K [0x00000000c4200000, 0x00000000c5d00000, 0x00000000ec100000)
  object space 27648K, 30% used [0x00000000c4200000,0x00000000c4a1e720,0x00000000c5d00000)
 Metaspace       used 25808K, capacity 26818K, committed 26928K, reserved 1073152K
  class space    used 3342K, capacity 3571K, committed 3632K, reserved 1048576K

Card table byte_map: [0x00007fe907bc4000,0x00007fe907da4000] byte_map_base: 0x00007fe9075a3000

Marking Bits: (ParMarkBitMap*) 0x00007fe91d67dd40
 Begin Bits: [0x00007fe905991000, 0x00007fe906889000)
 End Bits:   [0x00007fe906889000, 0x00007fe907781000)

Polling page: 0x00007fe91e2ed000

CodeCache: size=245760Kb used=8487Kb max_used=8503Kb free=237272Kb
 bounds [0x00007fe908164000, 0x00007fe9089c4000, 0x00007fe917164000]
 total_blobs=2830 nmethods=2447 adapters=296
 compilation: enabled

Compilation events (10 events):
Event: 20,955 Thread 0x00007fe9180c1800 2462   !   3       java.lang.Class::getTypeName (79 bytes)
Event: 20,956 Thread 0x00007fe9180c1800 nmethod 2462 0x00007fe9089ab8d0 code [0x00007fe9089abb20, 0x00007fe9089ac938]
Event: 20,961 Thread 0x00007fe9180bd000 nmethod 2453 0x00007fe9089b0490 code [0x00007fe9089b06a0, 0x00007fe9089b0fb8]
Event: 20,961 Thread 0x00007fe9180bd000 2460   !   4       java.util.zip.InflaterInputStream::read (138 bytes)
Event: 20,963 Thread 0x00007fe9180c1800 2464       3       java.util.Collections$UnmodifiableMap::get (11 bytes)
Event: 20,963 Thread 0x00007fe9180c1800 nmethod 2464 0x00007fe9089a9c90 code [0x00007fe9089a9e00, 0x00007fe9089aa028]
Event: 20,973 Thread 0x00007fe9180c0000 nmethod 2450 0x00007fe9089b49d0 code [0x00007fe9089b4c40, 0x00007fe9089b6578]
Event: 20,973 Thread 0x00007fe9180c0000 2457       4       org.springframework.boot.autoconfigure.condition.BeanTypeRegistry::updateBeanType (68 bytes)
Event: 20,989 Thread 0x00007fe9180bd000 nmethod 2460 0x00007fe9089b7b90 code [0x00007fe9089b7dc0, 0x00007fe9089b93a8]
Event: 20,992 Thread 0x00007fe9180bd000 2463       4       org.springframework.boot.autoconfigure.condition.BeanTypeRegistry$$Lambda$158/966613221::accept (12 bytes)

GC Heap History (10 events):
Event: 2,525 GC heap after
Heap after GC invocations=5 (full 0):
 PSYoungGen      total 33280K, used 2544K [0x00000000ec100000, 0x00000000f0800000, 0x0000000100000000)
  eden space 30720K, 0% used [0x00000000ec100000,0x00000000ec100000,0x00000000edf00000)
  from space 2560K, 99% used [0x00000000edf00000,0x00000000ee17c010,0x00000000ee180000)
  to   space 5632K, 0% used [0x00000000f0280000,0x00000000f0280000,0x00000000f0800000)
 ParOldGen       total 40960K, used 3905K [0x00000000c4200000, 0x00000000c6a00000, 0x00000000ec100000)
  object space 40960K, 9% used [0x00000000c4200000,0x00000000c45d0618,0x00000000c6a00000)
 Metaspace       used 13078K, capacity 13590K, committed 13696K, reserved 1060864K
  class space    used 1685K, capacity 1824K, committed 1920K, reserved 1048576K
}
Event: 3,285 GC heap before
{Heap before GC invocations=6 (full 0):
 PSYoungGen      total 33280K, used 33264K [0x00000000ec100000, 0x00000000f0800000, 0x0000000100000000)
  eden space 30720K, 100% used [0x00000000ec100000,0x00000000edf00000,0x00000000edf00000)
  from space 2560K, 99% used [0x00000000edf00000,0x00000000ee17c010,0x00000000ee180000)
  to   space 5632K, 0% used [0x00000000f0280000,0x00000000f0280000,0x00000000f0800000)
 ParOldGen       total 40960K, used 3911K [0x00000000c4200000, 0x00000000c6a00000, 0x00000000ec100000)
  object space 40960K, 9% used [0x00000000c4200000,0x00000000c45d1e88,0x00000000c6a00000)
 Metaspace       used 16120K, capacity 16686K, committed 16896K, reserved 1064960K
  class space    used 2124K, capacity 2272K, committed 2304K, reserved 1048576K
Event: 3,316 GC heap after
Heap after GC invocations=6 (full 0):
 PSYoungGen      total 66048K, used 5621K [0x00000000ec100000, 0x00000000f0a00000, 0x0000000100000000)
  eden space 60416K, 0% used [0x00000000ec100000,0x00000000ec100000,0x00000000efc00000)
  from space 5632K, 99% used [0x00000000f0280000,0x00000000f07fd550,0x00000000f0800000)
  to   space 6656K, 0% used [0x00000000efc00000,0x00000000efc00000,0x00000000f0280000)
 ParOldGen       total 40960K, used 4327K [0x00000000c4200000, 0x00000000c6a00000, 0x00000000ec100000)
  object space 40960K, 10% used [0x00000000c4200000,0x00000000c4639f90,0x00000000c6a00000)
 Metaspace       used 16120K, capacity 16686K, committed 16896K, reserved 1064960K
  class space    used 2124K, capacity 2272K, committed 2304K, reserved 1048576K
}
Event: 3,317 GC heap before
{Heap before GC invocations=7 (full 0):
 PSYoungGen      total 66048K, used 5621K [0x00000000ec100000, 0x00000000f0a00000, 0x0000000100000000)
  eden space 60416K, 0% used [0x00000000ec100000,0x00000000ec100030,0x00000000efc00000)
  from space 5632K, 99% used [0x00000000f0280000,0x00000000f07fd550,0x00000000f0800000)
  to   space 6656K, 0% used [0x00000000efc00000,0x00000000efc00000,0x00000000f0280000)
 ParOldGen       total 40960K, used 4327K [0x00000000c4200000, 0x00000000c6a00000, 0x00000000ec100000)
  object space 40960K, 10% used [0x00000000c4200000,0x00000000c4639f90,0x00000000c6a00000)
 Metaspace       used 16120K, capacity 16686K, committed 16896K, reserved 1064960K
  class space    used 2124K, capacity 2272K, committed 2304K, reserved 1048576K
Event: 3,346 GC heap after
Heap after GC invocations=7 (full 0):
 PSYoungGen      total 67072K, used 4417K [0x00000000ec100000, 0x00000000f4400000, 0x0000000100000000)
  eden space 60416K, 0% used [0x00000000ec100000,0x00000000ec100000,0x00000000efc00000)
  from space 6656K, 66% used [0x00000000efc00000,0x00000000f0050428,0x00000000f0280000)
  to   space 6656K, 0% used [0x00000000f3d80000,0x00000000f3d80000,0x00000000f4400000)
 ParOldGen       total 40960K, used 5466K [0x00000000c4200000, 0x00000000c6a00000, 0x00000000ec100000)
  object space 40960K, 13% used [0x00000000c4200000,0x00000000c4756920,0x00000000c6a00000)
 Metaspace       used 16120K, capacity 16686K, committed 16896K, reserved 1064960K
  class space    used 2124K, capacity 2272K, committed 2304K, reserved 1048576K
}
Event: 4,128 GC heap before
{Heap before GC invocations=8 (full 0):
 PSYoungGen      total 67072K, used 38048K [0x00000000ec100000, 0x00000000f4400000, 0x0000000100000000)
  eden space 60416K, 55% used [0x00000000ec100000,0x00000000ee1d7db8,0x00000000efc00000)
  from space 6656K, 66% used [0x00000000efc00000,0x00000000f0050428,0x00000000f0280000)
  to   space 6656K, 0% used [0x00000000f3d80000,0x00000000f3d80000,0x00000000f4400000)
 ParOldGen       total 40960K, used 5466K [0x00000000c4200000, 0x00000000c6a00000, 0x00000000ec100000)
  object space 40960K, 13% used [0x00000000c4200000,0x00000000c4756920,0x00000000c6a00000)
 Metaspace       used 20570K, capacity 21160K, committed 21296K, reserved 1067008K
  class space    used 2660K, capacity 2825K, committed 2864K, reserved 1048576K
Event: 4,156 GC heap after
Heap after GC invocations=8 (full 0):
 PSYoungGen      total 126464K, used 6638K [0x00000000ec100000, 0x00000000f4600000, 0x0000000100000000)
  eden space 119808K, 0% used [0x00000000ec100000,0x00000000ec100000,0x00000000f3600000)
  from space 6656K, 99% used [0x00000000f3d80000,0x00000000f43fba78,0x00000000f4400000)
  to   space 7680K, 0% used [0x00000000f3600000,0x00000000f3600000,0x00000000f3d80000)
 ParOldGen       total 40960K, used 5927K [0x00000000c4200000, 0x00000000c6a00000, 0x00000000ec100000)
  object space 40960K, 14% used [0x00000000c4200000,0x00000000c47c9ff0,0x00000000c6a00000)
 Metaspace       used 20570K, capacity 21160K, committed 21296K, reserved 1067008K
  class space    used 2660K, capacity 2825K, committed 2864K, reserved 1048576K
}
Event: 4,156 GC heap before
{Heap before GC invocations=9 (full 1):
 PSYoungGen      total 126464K, used 6638K [0x00000000ec100000, 0x00000000f4600000, 0x0000000100000000)
  eden space 119808K, 0% used [0x00000000ec100000,0x00000000ec100000,0x00000000f3600000)
  from space 6656K, 99% used [0x00000000f3d80000,0x00000000f43fba78,0x00000000f4400000)
  to   space 7680K, 0% used [0x00000000f3600000,0x00000000f3600000,0x00000000f3d80000)
 ParOldGen       total 40960K, used 5927K [0x00000000c4200000, 0x00000000c6a00000, 0x00000000ec100000)
  object space 40960K, 14% used [0x00000000c4200000,0x00000000c47c9ff0,0x00000000c6a00000)
 Metaspace       used 20570K, capacity 21160K, committed 21296K, reserved 1067008K
  class space    used 2660K, capacity 2825K, committed 2864K, reserved 1048576K
Event: 4,245 GC heap after
Heap after GC invocations=9 (full 1):
 PSYoungGen      total 126464K, used 0K [0x00000000ec100000, 0x00000000f4600000, 0x0000000100000000)
  eden space 119808K, 0% used [0x00000000ec100000,0x00000000ec100000,0x00000000f3600000)
  from space 6656K, 0% used [0x00000000f3d80000,0x00000000f3d80000,0x00000000f4400000)
  to   space 7680K, 0% used [0x00000000f3600000,0x00000000f3600000,0x00000000f3d80000)
 ParOldGen       total 27648K, used 8305K [0x00000000c4200000, 0x00000000c5d00000, 0x00000000ec100000)
  object space 27648K, 30% used [0x00000000c4200000,0x00000000c4a1c720,0x00000000c5d00000)
 Metaspace       used 20570K, capacity 21160K, committed 21296K, reserved 1067008K
  class space    used 2660K, capacity 2825K, committed 2864K, reserved 1048576K
}
Event: 21,007 GC heap before
{Heap before GC invocations=10 (full 1):
 PSYoungGen      total 126464K, used 119808K [0x00000000ec100000, 0x00000000f4600000, 0x0000000100000000)
  eden space 119808K, 100% used [0x00000000ec100000,0x00000000f3600000,0x00000000f3600000)
  from space 6656K, 0% used [0x00000000f3d80000,0x00000000f3d80000,0x00000000f4400000)
  to   space 7680K, 0% used [0x00000000f3600000,0x00000000f3600000,0x00000000f3d80000)
 ParOldGen       total 27648K, used 8305K [0x00000000c4200000, 0x00000000c5d00000, 0x00000000ec100000)
  object space 27648K, 30% used [0x00000000c4200000,0x00000000c4a1c720,0x00000000c5d00000)
 Metaspace       used 25808K, capacity 26818K, committed 26928K, reserved 1073152K
  class space    used 3342K, capacity 3571K, committed 3632K, reserved 1048576K

Deoptimization events (10 events):
Event: 3,157 Thread 0x00007fe8c4005000 Uncommon trap: reason=class_check action=maybe_recompile pc=0x00007fe9084c459c method=java.util.HashMap.putVal(ILjava/lang/Object;Ljava/lang/Object;ZZ)Ljava/lang/Object; @ 203
Event: 4,736 Thread 0x00007fe8c8024000 Uncommon trap: reason=unstable_if action=reinterpret pc=0x00007fe90869d7a8 method=com.sun.org.apache.xerces.internal.impl.XMLEntityScanner.scanLiteral(ILcom/sun/org/apache/xerces/internal/xni/XMLString;Z)I @ 570
Event: 4,850 Thread 0x00007fe8c8024000 Uncommon trap: reason=unstable_if action=reinterpret pc=0x00007fe90869ea00 method=com.sun.org.apache.xerces.internal.impl.XMLEntityScanner.skipSpaces()Z @ 125
Event: 4,972 Thread 0x00007fe8c8024000 Uncommon trap: reason=unstable_if action=reinterpret pc=0x00007fe9086eaff0 method=com.sun.org.apache.xerces.internal.impl.XMLEntityScanner.scanLiteral(ILcom/sun/org/apache/xerces/internal/xni/XMLString;Z)I @ 44
Event: 4,989 Thread 0x00007fe8c8024000 Uncommon trap: reason=unstable_if action=reinterpret pc=0x00007fe9086e8360 method=com.sun.org.apache.xerces.internal.util.SymbolTable.addSymbol([CII)Ljava/lang/String; @ 38
Event: 17,278 Thread 0x00007fe8c4005000 Uncommon trap: reason=unstable_if action=reinterpret pc=0x00007fe908896260 method=java.net.URLClassLoader.definePackageInternal(Ljava/lang/String;Ljava/util/jar/Manifest;Ljava/net/URL;)V @ 11
Event: 17,366 Thread 0x00007fe8c4005000 Uncommon trap: reason=class_check action=maybe_recompile pc=0x00007fe9088c6dc0 method=org.springframework.util.ConcurrentReferenceHashMap$Segment.findInChain(Lorg/springframework/util/ConcurrentReferenceHashMap$Reference;Ljava/lang/Object;I)Lorg/springfra
Event: 17,449 Thread 0x00007fe8c4005000 Uncommon trap: reason=class_check action=maybe_recompile pc=0x00007fe908969044 method=org.springframework.util.ConcurrentReferenceHashMap.getEntryIfAvailable(Ljava/lang/Object;)Lorg/springframework/util/ConcurrentReferenceHashMap$Entry; @ 14
Event: 17,465 Thread 0x00007fe8c4005000 Uncommon trap: reason=class_check action=maybe_recompile pc=0x00007fe908969044 method=org.springframework.util.ConcurrentReferenceHashMap.getEntryIfAvailable(Ljava/lang/Object;)Lorg/springframework/util/ConcurrentReferenceHashMap$Entry; @ 14
Event: 17,484 Thread 0x00007fe8c4005000 Uncommon trap: reason=class_check action=maybe_recompile pc=0x00007fe908969044 method=org.springframework.util.ConcurrentReferenceHashMap.getEntryIfAvailable(Ljava/lang/Object;)Lorg/springframework/util/ConcurrentReferenceHashMap$Entry; @ 14

Classes redefined (0 events):
No events

Internal exceptions (10 events):
Event: 2,128 Thread 0x00007fe8c4005000 Exception <a 'java/lang/NoSuchMethodError': java.lang.Object.lambda$chars$0()Ljava/util/Spliterator$OfInt;> (0x00000000ece826d0) thrown at [/HUDSON/workspace/8-2-build-linux-amd64/jdk8u191/11894/hotspot/src/share/vm/interpreter/linkResolver.cpp, line 620]
Event: 3,436 Thread 0x00007fe8c4005000 Exception <a 'java/lang/ClassNotFoundException': java/lang/ObjectCustomizer> (0x00000000ec2408c8) thrown at [/HUDSON/workspace/8-2-build-linux-amd64/jdk8u191/11894/hotspot/src/share/vm/classfile/systemDictionary.cpp, line 210]
Event: 3,451 Thread 0x00007fe8c4005000 Exception <a 'java/lang/ClassNotFoundException': org/springframework/context/annotation/ConfigurationClassPostProcessorCustomizer> (0x00000000ec3cea98) thrown at [/HUDSON/workspace/8-2-build-linux-amd64/jdk8u191/11894/hotspot/src/share/vm/classfile/system
Event: 3,479 Thread 0x00007fe8c4005000 Exception <a 'java/lang/ClassNotFoundException': org/springframework/beans/factory/support/BeanDefinitionRegistryPostProcessorCustomizer> (0x00000000ec42af48) thrown at [/HUDSON/workspace/8-2-build-linux-amd64/jdk8u191/11894/hotspot/src/share/vm/classfile
Event: 3,480 Thread 0x00007fe8c4005000 Exception <a 'java/lang/ClassNotFoundException': org/springframework/core/PriorityOrderedCustomizer> (0x00000000ec43c550) thrown at [/HUDSON/workspace/8-2-build-linux-amd64/jdk8u191/11894/hotspot/src/share/vm/classfile/systemDictionary.cpp, line 210]
Event: 3,480 Thread 0x00007fe8c4005000 Exception <a 'java/lang/ClassNotFoundException': org/springframework/context/ResourceLoaderAwareCustomizer> (0x00000000ec44e8c0) thrown at [/HUDSON/workspace/8-2-build-linux-amd64/jdk8u191/11894/hotspot/src/share/vm/classfile/systemDictionary.cpp, line 21
Event: 3,480 Thread 0x00007fe8c4005000 Exception <a 'java/lang/ClassNotFoundException': org/springframework/beans/factory/BeanClassLoaderAwareCustomizer> (0x00000000ec4635f8) thrown at [/HUDSON/workspace/8-2-build-linux-amd64/jdk8u191/11894/hotspot/src/share/vm/classfile/systemDictionary.cpp, 
Event: 3,481 Thread 0x00007fe8c4005000 Exception <a 'java/lang/ClassNotFoundException': org/springframework/context/EnvironmentAwareCustomizer> (0x00000000ec527740) thrown at [/HUDSON/workspace/8-2-build-linux-amd64/jdk8u191/11894/hotspot/src/share/vm/classfile/systemDictionary.cpp, line 210]
Event: 4,003 Thread 0x00007fe8c8024000 Exception <a 'java/lang/IncompatibleClassChangeError': Found class java.lang.Object, but interface was expected> (0x00000000edc50810) thrown at [/HUDSON/workspace/8-2-build-linux-amd64/jdk8u191/11894/hotspot/src/share/vm/interpreter/linkResolver.cpp, line
Event: 17,541 Thread 0x00007fe8c4005000 Exception <a 'java/lang/NoSuchMethodError': java.lang.Object.lambda$of$0([Ljava/lang/Object;)Ljava/util/Iterator;> (0x00000000f2cfa678) thrown at [/HUDSON/workspace/8-2-build-linux-amd64/jdk8u191/11894/hotspot/src/share/vm/interpreter/linkResolver.cpp, li

Events (10 events):
Event: 20,989 loading class org/springframework/aop/Advisor done
Event: 20,990 loading class org/springframework/transaction/interceptor/TransactionInterceptor
Event: 20,990 loading class org/springframework/transaction/interceptor/TransactionInterceptor done
Event: 20,990 loading class org/aopalliance/intercept/MethodInterceptor
Event: 20,990 loading class org/aopalliance/intercept/MethodInterceptor done
Event: 20,990 loading class org/aopalliance/intercept/Interceptor
Event: 20,990 loading class org/aopalliance/intercept/Interceptor done
Event: 21,000 loading class org/springframework/transaction/interceptor/TransactionAspectSupport
Event: 21,000 loading class org/springframework/transaction/interceptor/TransactionAspectSupport done
Event: 21,003 Executing VM operation: ParallelGCFailedAllocation


Dynamic libraries:
00400000-00401000 r-xp 00000000 08:05 1850852                            /usr/lib/jvm/java-8-oracle/bin/java
00600000-00601000 r--p 00000000 08:05 1850852                            /usr/lib/jvm/java-8-oracle/bin/java
00601000-00602000 rw-p 00001000 08:05 1850852                            /usr/lib/jvm/java-8-oracle/bin/java
01d32000-01d53000 rw-p 00000000 00:00 0                                  [heap]
c4200000-c5d00000 rw-p 00000000 00:00 0 
c5d00000-ec100000 ---p 00000000 00:00 0 
ec100000-f4600000 rw-p 00000000 00:00 0 
f8600000-100000000 ---p 00000000 00:00 0 
100000000-10038c000 rw-p 00000000 00:00 0 
10038c000-140000000 ---p 00000000 00:00 0 
7fe8bc000000-7fe8bc42d000 rw-p 00000000 00:00 0 
7fe8bc42d000-7fe8c0000000 ---p 00000000 00:00 0 
7fe8c0000000-7fe8c004f000 rw-p 00000000 00:00 0 
7fe8c004f000-7fe8c4000000 ---p 00000000 00:00 0 
7fe8c4000000-7fe8c4021000 rw-p 00000000 00:00 0 
7fe8c4021000-7fe8c8000000 ---p 00000000 00:00 0 
7fe8c8000000-7fe8c8476000 rw-p 00000000 00:00 0 
7fe8c8476000-7fe8cc000000 ---p 00000000 00:00 0 
7fe8cc000000-7fe8cc021000 rw-p 00000000 00:00 0 
7fe8cc021000-7fe8d0000000 ---p 00000000 00:00 0 
7fe8d0000000-7fe8d0021000 rw-p 00000000 00:00 0 
7fe8d0021000-7fe8d4000000 ---p 00000000 00:00 0 
7fe8d4000000-7fe8d5554000 rw-p 00000000 00:00 0 
7fe8d5554000-7fe8d8000000 ---p 00000000 00:00 0 
7fe8d8000000-7fe8d8ed1000 rw-p 00000000 00:00 0 
7fe8d8ed1000-7fe8dc000000 ---p 00000000 00:00 0 
7fe8dc000000-7fe8dd391000 rw-p 00000000 00:00 0 
7fe8dd391000-7fe8e0000000 ---p 00000000 00:00 0 
7fe8e0000000-7fe8e0021000 rw-p 00000000 00:00 0 
7fe8e0021000-7fe8e4000000 ---p 00000000 00:00 0 
7fe8e4000000-7fe8e4021000 rw-p 00000000 00:00 0 
7fe8e4021000-7fe8e8000000 ---p 00000000 00:00 0 
7fe8e8000000-7fe8e829b000 rw-p 00000000 00:00 0 
7fe8e829b000-7fe8ec000000 ---p 00000000 00:00 0 
7fe8ec000000-7fe8ec021000 rw-p 00000000 00:00 0 
7fe8ec021000-7fe8f0000000 ---p 00000000 00:00 0 
7fe8f0000000-7fe8f0021000 rw-p 00000000 00:00 0 
7fe8f0021000-7fe8f4000000 ---p 00000000 00:00 0 
7fe8f4000000-7fe8f4021000 rw-p 00000000 00:00 0 
7fe8f4021000-7fe8f8000000 ---p 00000000 00:00 0 
7fe8f8000000-7fe8f8021000 rw-p 00000000 00:00 0 
7fe8f8021000-7fe8fc000000 ---p 00000000 00:00 0 
7fe8fcd95000-7fe8fce55000 rw-p 00000000 00:00 0 
7fe8fce55000-7fe8fcf95000 ---p 00000000 00:00 0 
7fe8fcf95000-7fe8fd195000 rw-p 00000000 00:00 0 
7fe8fd195000-7fe8fd395000 rw-p 00000000 00:00 0 
7fe8fd395000-7fe8fd398000 ---p 00000000 00:00 0 
7fe8fd398000-7fe8fd696000 rw-p 00000000 00:00 0 
7fe8fd696000-7fe8fd6a7000 r-xp 00000000 08:05 1969152                    /usr/lib/jvm/java-8-oracle/jre/lib/amd64/libnio.so
7fe8fd6a7000-7fe8fd8a6000 ---p 00011000 08:05 1969152                    /usr/lib/jvm/java-8-oracle/jre/lib/amd64/libnio.so
7fe8fd8a6000-7fe8fd8a7000 r--p 00010000 08:05 1969152                    /usr/lib/jvm/java-8-oracle/jre/lib/amd64/libnio.so
7fe8fd8a7000-7fe8fd8a8000 rw-p 00011000 08:05 1969152                    /usr/lib/jvm/java-8-oracle/jre/lib/amd64/libnio.so
7fe8fd8a8000-7fe8fdaa8000 rw-p 00000000 00:00 0 
7fe8fdaa8000-7fe8fdca8000 rw-p 00000000 00:00 0 
7fe8fdca8000-7fe8fdcbe000 r-xp 00000000 08:05 1969149                    /usr/lib/jvm/java-8-oracle/jre/lib/amd64/libnet.so
7fe8fdcbe000-7fe8fdebd000 ---p 00016000 08:05 1969149                    /usr/lib/jvm/java-8-oracle/jre/lib/amd64/libnet.so
7fe8fdebd000-7fe8fdebe000 r--p 00015000 08:05 1969149                    /usr/lib/jvm/java-8-oracle/jre/lib/amd64/libnet.so
7fe8fdebe000-7fe8fdebf000 rw-p 00016000 08:05 1969149                    /usr/lib/jvm/java-8-oracle/jre/lib/amd64/libnet.so
7fe8fdebf000-7fe8fdec7000 r-xp 00000000 08:05 1969157                    /usr/lib/jvm/java-8-oracle/jre/lib/amd64/libmanagement.so
7fe8fdec7000-7fe8fe0c7000 ---p 00008000 08:05 1969157                    /usr/lib/jvm/java-8-oracle/jre/lib/amd64/libmanagement.so
7fe8fe0c7000-7fe8fe0c8000 r--p 00008000 08:05 1969157                    /usr/lib/jvm/java-8-oracle/jre/lib/amd64/libmanagement.so
7fe8fe0c8000-7fe8fe0c9000 rw-p 00009000 08:05 1969157                    /usr/lib/jvm/java-8-oracle/jre/lib/amd64/libmanagement.so
7fe8fe0c9000-7fe8fe2c9000 rw-p 00000000 00:00 0 
7fe8fe2c9000-7fe8fe35f000 r--s 0110e000 08:05 1968994                    /usr/lib/jvm/java-8-oracle/jre/lib/ext/jfxrt.jar
7fe8fe35f000-7fe8fe55f000 rw-p 00000000 00:00 0 
7fe8fe55f000-7fe8fe562000 ---p 00000000 00:00 0 
7fe8fe562000-7fe8fe660000 rw-p 00000000 00:00 0 
7fe8fe660000-7fe8fe663000 ---p 00000000 00:00 0 
7fe8fe663000-7fe8fe761000 rw-p 00000000 00:00 0 
7fe8fe761000-7fe8fe764000 ---p 00000000 00:00 0 
7fe8fe764000-7fe8fe862000 rw-p 00000000 00:00 0 
7fe8fe862000-7fe8fe86c000 r--s 00116000 08:05 1969000                    /usr/lib/jvm/java-8-oracle/jre/lib/ext/localedata.jar
7fe8fe86c000-7fe8fe873000 r--s 00000000 08:05 526826                     /usr/lib/x86_64-linux-gnu/gconv/gconv-modules.cache
7fe8fe873000-7fe8fe899000 r--p 00000000 08:05 1185824                    /usr/share/locale-langpack/pt_BR/LC_MESSAGES/libc.mo
7fe8fe899000-7fe8fe89b000 r--s 00004000 08:05 4466546                    /home/vanniery/.m2/repository/org/springframework/spring-jcl/5.0.10.RELEASE/spring-jcl-5.0.10.RELEASE.jar
7fe8fe89b000-7fe8fe8b3000 r--s 00115000 08:05 4466544                    /home/vanniery/.m2/repository/org/springframework/spring-core/5.0.10.RELEASE/spring-core-5.0.10.RELEASE.jar
7fe8fe8b3000-7fe8fe8bc000 r--s 000ed000 08:05 4593228                    /home/vanniery/.m2/repository/mysql/mysql-connector-java/5.1.47/mysql-connector-java-5.1.47.jar
7fe8fe8bc000-7fe8fe8dd000 r--s 000ff000 08:05 4466542                    /home/vanniery/.m2/repository/org/springframework/boot/spring-boot-autoconfigure/2.0.6.RELEASE/spring-boot-autoconfigure-2.0.6.RELEASE.jar
7fe8fe8dd000-7fe8fe8f2000 r--s 000d1000 08:05 4466540                    /home/vanniery/.m2/repository/org/springframework/boot/spring-boot/2.0.6.RELEASE/spring-boot-2.0.6.RELEASE.jar
7fe8fe8f2000-7fe8fe8f8000 r--s 0002d000 08:05 4593226                    /home/vanniery/.m2/repository/org/springframework/boot/spring-boot-devtools/2.0.6.RELEASE/spring-boot-devtools-2.0.6.RELEASE.jar
7fe8fe8f8000-7fe8fe8fd000 r--s 00040000 08:05 4466538                    /home/vanniery/.m2/repository/org/springframework/spring-expression/5.0.10.RELEASE/spring-expression-5.0.10.RELEASE.jar
7fe8fe8fd000-7fe8fe90c000 r--s 000b3000 08:05 4593224                    /home/vanniery/.m2/repository/org/springframework/spring-webmvc/5.0.10.RELEASE/spring-webmvc-5.0.10.RELEASE.jar
7fe8fe90c000-7fe8fe926000 r--s 0011b000 08:05 4593222                    /home/vanniery/.m2/repository/org/springframework/spring-web/5.0.10.RELEASE/spring-web-5.0.10.RELEASE.jar
7fe8fe926000-7fe8fe92b000 r--s 00012000 08:05 4593220                    /home/vanniery/.m2/repository/javax/validation/validation-api/2.0.1.Final/validation-api-2.0.1.Final.jar
7fe8fe92b000-7fe8fe948000 r--s 000fe000 08:05 4593218                    /home/vanniery/.m2/repository/org/hibernate/validator/hibernate-validator/6.0.13.Final/hibernate-validator-6.0.13.Final.jar
7fe8fe948000-7fe8fe94d000 r--s 0003a000 08:05 4593216                    /home/vanniery/.m2/repository/org/apache/tomcat/embed/tomcat-embed-websocket/8.5.34/tomcat-embed-websocket-8.5.34.jar
7fe8fe94d000-7fe8fe952000 r--s 00038000 08:05 4593214                    /home/vanniery/.m2/repository/org/apache/tomcat/embed/tomcat-embed-el/8.5.34/tomcat-embed-el-8.5.34.jar
7fe8fe952000-7fe8fe97c000 r--s 002d5000 08:05 4593212                    /home/vanniery/.m2/repository/org/apache/tomcat/embed/tomcat-embed-core/8.5.34/tomcat-embed-core-8.5.34.jar
7fe8fe97c000-7fe8fe97e000 r--s 00001000 08:05 4593208                    /home/vanniery/.m2/repository/com/fasterxml/jackson/module/jackson-module-parameter-names/2.9.7/jackson-module-parameter-names-2.9.7.jar
7fe8fe97e000-7fe8fe981000 r--s 00016000 08:05 4593206                    /home/vanniery/.m2/repository/com/fasterxml/jackson/datatype/jackson-datatype-jsr310/2.9.7/jackson-datatype-jsr310-2.9.7.jar
7fe8fe981000-7fe8fe983000 r--s 00007000 08:05 4593204                    /home/vanniery/.m2/repository/com/fasterxml/jackson/datatype/jackson-datatype-jdk8/2.9.7/jackson-datatype-jdk8-2.9.7.jar
7fe8fe983000-7fe8fe987000 r--s 0004c000 08:05 4593202                    /home/vanniery/.m2/repository/com/fasterxml/jackson/core/jackson-core/2.9.7/jackson-core-2.9.7.jar
7fe8fe987000-7fe8fe99a000 r--s 00137000 08:05 4593198                    /home/vanniery/.m2/repository/com/fasterxml/jackson/core/jackson-databind/2.9.7/jackson-databind-2.9.7.jar
7fe8fe99a000-7fe8fe9a7000 r--s 00095000 08:05 4466534                    /home/vanniery/.m2/repository/org/springframework/spring-beans/5.0.10.RELEASE/spring-beans-5.0.10.RELEASE.jar
7fe8fe9a7000-7fe8fea25000 r--s 005f0000 08:05 4593166                    /home/vanniery/.m2/repository/org/hibernate/hibernate-core/5.2.17.Final/hibernate-core-5.2.17.Final.jar
7fe8fea25000-7fe8fea26000 ---p 00000000 00:00 0 
7fe8fea26000-7fe8feb26000 rw-p 00000000 00:00 0 
7fe8feb26000-7fe8feb29000 ---p 00000000 00:00 0 
7fe8feb29000-7fe8fec27000 rw-p 00000000 00:00 0 
7fe8fec27000-7fe8fec28000 ---p 00000000 00:00 0 
7fe8fec28000-7fe8fec2b000 ---p 00000000 00:00 0 
7fe8fec2b000-7fe8fed28000 rw-p 00000000 00:00 0 
7fe8fed28000-7fe8fed29000 ---p 00000000 00:00 0 
7fe8fed29000-7fe8fed2c000 ---p 00000000 00:00 0 
7fe8fed2c000-7fe8fee29000 rw-p 00000000 00:00 0 
7fe8fee29000-7fe8fee2a000 ---p 00000000 00:00 0 
7fe8fee2a000-7fe8fee2d000 ---p 00000000 00:00 0 
7fe8fee2d000-7fe8fef2a000 rw-p 00000000 00:00 0 
7fe8fef2a000-7fe8fef2d000 ---p 00000000 00:00 0 
7fe8fef2d000-7fe8ff02b000 rw-p 00000000 00:00 0 
7fe8ff02b000-7fe8ff9fa000 r--p 00000000 08:05 269082                     /usr/lib/locale/locale-archive
7fe8ff9fa000-7fe8ff9fd000 ---p 00000000 00:00 0 
7fe8ff9fd000-7fe8ffafb000 rw-p 00000000 00:00 0 
7fe8ffafb000-7fe8ffafe000 ---p 00000000 00:00 0 
7fe8ffafe000-7fe8ffbfc000 rw-p 00000000 00:00 0 
7fe8ffbfc000-7fe8ffbfd000 ---p 00000000 00:00 0 
7fe8ffbfd000-7fe900000000 rw-p 00000000 00:00 0 
7fe900000000-7fe900021000 rw-p 00000000 00:00 0 
7fe900021000-7fe904000000 ---p 00000000 00:00 0 
7fe904000000-7fe904001000 r--s 00000000 08:05 4593210                    /home/vanniery/.m2/repository/org/springframework/boot/spring-boot-starter-tomcat/2.0.6.RELEASE/spring-boot-starter-tomcat-2.0.6.RELEASE.jar
7fe904001000-7fe904004000 r--s 0000e000 08:05 4593200                    /home/vanniery/.m2/repository/com/fasterxml/jackson/core/jackson-annotations/2.9.0/jackson-annotations-2.9.0.jar
7fe904004000-7fe904005000 r--s 00000000 08:05 4593196                    /home/vanniery/.m2/repository/org/springframework/boot/spring-boot-starter-json/2.0.6.RELEASE/spring-boot-starter-json-2.0.6.RELEASE.jar
7fe904005000-7fe904006000 r--s 00000000 08:05 4593194                    /home/vanniery/.m2/repository/org/springframework/boot/spring-boot-starter-web/2.0.6.RELEASE/spring-boot-starter-web-2.0.6.RELEASE.jar
7fe904006000-7fe904008000 r--s 0000a000 08:05 4593192                    /home/vanniery/.m2/repository/org/springframework/spring-aspects/5.0.10.RELEASE/spring-aspects-5.0.10.RELEASE.jar
7fe904008000-7fe90400a000 r--s 00009000 08:05 4466536                    /home/vanniery/.m2/repository/org/slf4j/slf4j-api/1.7.25/slf4j-api-1.7.25.jar
7fe90400a000-7fe904012000 r--s 00037000 08:05 4593190                    /home/vanniery/.m2/repository/org/springframework/spring-tx/5.0.10.RELEASE/spring-tx-5.0.10.RELEASE.jar
7fe904012000-7fe90402c000 r--s 000f1000 08:05 4466532                    /home/vanniery/.m2/repository/org/springframework/spring-context/5.0.10.RELEASE/spring-context-5.0.10.RELEASE.jar
7fe90402c000-7fe904030000 r--s 0002b000 08:05 4593188                    /home/vanniery/.m2/repository/org/springframework/spring-orm/5.0.10.RELEASE/spring-orm-5.0.10.RELEASE.jar
7fe904030000-7fe904048000 r--s 000f2000 08:05 4593186                    /home/vanniery/.m2/repository/org/springframework/data/spring-data-commons/2.0.11.RELEASE/spring-data-commons-2.0.11.RELEASE.jar
7fe904048000-7fe904050000 r--s 0004c000 08:05 4593184                    /home/vanniery/.m2/repository/org/springframework/data/spring-data-jpa/2.0.11.RELEASE/spring-data-jpa-2.0.11.RELEASE.jar
7fe904050000-7fe904053000 r--s 00010000 08:05 4593182                    /home/vanniery/.m2/repository/org/hibernate/common/hibernate-commons-annotations/5.0.1.Final/hibernate-commons-annotations-5.0.1.Final.jar
7fe904053000-7fe904058000 r--s 00048000 08:05 4593180                    /home/vanniery/.m2/repository/dom4j/dom4j/1.6.1/dom4j-1.6.1.jar
7fe904058000-7fe90405a000 r--s 0000e000 08:05 4593178                    /home/vanniery/.m2/repository/com/fasterxml/classmate/1.3.4/classmate-1.3.4.jar
7fe90405a000-7fe90405d000 r--s 0002b000 08:05 4593176                    /home/vanniery/.m2/repository/org/jboss/jandex/2.0.3.Final/jandex-2.0.3.Final.jar
7fe90405d000-7fe904062000 r--s 00068000 08:05 4593174                    /home/vanniery/.m2/repository/antlr/antlr/2.7.7/antlr-2.7.7.jar
7fe904062000-7fe90406c000 r--s 000ab000 08:05 4593172                    /home/vanniery/.m2/repository/org/javassist/javassist/3.22.0-GA/javassist-3.22.0-GA.jar
7fe90406c000-7fe904071000 r--s 00017000 08:05 4593170                    /home/vanniery/.m2/repository/org/hibernate/javax/persistence/hibernate-jpa-2.1-api/1.0.2.Final/hibernate-jpa-2.1-api-1.0.2.Final.jar
7fe904071000-7fe904073000 r--s 0000f000 08:05 4593168                    /home/vanniery/.m2/repository/org/jboss/logging/jboss-logging/3.3.2.Final/jboss-logging-3.3.2.Final.jar
7fe904073000-7fe904075000 r--s 00006000 08:05 4593164                    /home/vanniery/.m2/repository/javax/transaction/javax.transaction-api/1.2/javax.transaction-api-1.2.jar
7fe904075000-7fe90407e000 r--s 00059000 08:05 4593162                    /home/vanniery/.m2/repository/org/springframework/spring-jdbc/5.0.10.RELEASE/spring-jdbc-5.0.10.RELEASE.jar
7fe90407e000-7fe904082000 r--s 00020000 08:05 4466530                    /home/vanniery/.m2/repository/com/zaxxer/HikariCP/2.7.9/HikariCP-2.7.9.jar
7fe904082000-7fe90409b000 r--s 001bf000 08:05 4466526                    /home/vanniery/.m2/repository/org/aspectj/aspectjweaver/1.8.13/aspectjweaver-1.8.13.jar
7fe90409b000-7fe9040a4000 r--s 00051000 08:05 4466524                    /home/vanniery/.m2/repository/org/springframework/spring-aop/5.0.10.RELEASE/spring-aop-5.0.10.RELEASE.jar
7fe9040a4000-7fe9040ab000 r--s 00042000 08:05 4466520                    /home/vanniery/.m2/repository/org/yaml/snakeyaml/1.19/snakeyaml-1.19.jar
7fe9040ab000-7fe9040b1000 r--s 00039000 08:05 4466514                    /home/vanniery/.m2/repository/org/apache/logging/log4j/log4j-api/2.10.0/log4j-api-2.10.0.jar
7fe9040b1000-7fe904d62000 rw-p 00000000 00:00 0 
7fe904d62000-7fe904f3c000 r--s 03d6c000 08:05 1968932                    /usr/lib/jvm/java-8-oracle/jre/lib/rt.jar
7fe904f3c000-7fe907781000 rw-p 00000000 00:00 0 
7fe907781000-7fe907782000 ---p 00000000 00:00 0 
7fe907782000-7fe907882000 rw-p 00000000 00:00 0 
7fe907882000-7fe907883000 ---p 00000000 00:00 0 
7fe907883000-7fe907983000 rw-p 00000000 00:00 0 
7fe907983000-7fe907984000 ---p 00000000 00:00 0 
7fe907984000-7fe907a92000 rw-p 00000000 00:00 0 
7fe907a92000-7fe907bc4000 ---p 00000000 00:00 0 
7fe907bc4000-7fe907bd2000 rw-p 00000000 00:00 0 
7fe907bd2000-7fe907d03000 ---p 00000000 00:00 0 
7fe907d03000-7fe907d46000 rw-p 00000000 00:00 0 
7fe907d46000-7fe907da3000 ---p 00000000 00:00 0 
7fe907da3000-7fe907dc6000 rw-p 00000000 00:00 0 
7fe907dc6000-7fe908164000 ---p 00000000 00:00 0 
7fe908164000-7fe9089c4000 rwxp 00000000 00:00 0 
7fe9089c4000-7fe917164000 ---p 00000000 00:00 0 
7fe917164000-7fe91717e000 r-xp 00000000 08:05 1969145                    /usr/lib/jvm/java-8-oracle/jre/lib/amd64/libzip.so
7fe91717e000-7fe91737e000 ---p 0001a000 08:05 1969145                    /usr/lib/jvm/java-8-oracle/jre/lib/amd64/libzip.so
7fe91737e000-7fe91737f000 r--p 0001a000 08:05 1969145                    /usr/lib/jvm/java-8-oracle/jre/lib/amd64/libzip.so
7fe91737f000-7fe917380000 rw-p 0001b000 08:05 1969145                    /usr/lib/jvm/java-8-oracle/jre/lib/amd64/libzip.so
7fe917380000-7fe91738b000 r-xp 00000000 08:05 2888504                    /lib/x86_64-linux-gnu/libnss_files-2.27.so
7fe91738b000-7fe91758a000 ---p 0000b000 08:05 2888504                    /lib/x86_64-linux-gnu/libnss_files-2.27.so
7fe91758a000-7fe91758b000 r--p 0000a000 08:05 2888504                    /lib/x86_64-linux-gnu/libnss_files-2.27.so
7fe91758b000-7fe91758c000 rw-p 0000b000 08:05 2888504                    /lib/x86_64-linux-gnu/libnss_files-2.27.so
7fe91758c000-7fe917592000 rw-p 00000000 00:00 0 
7fe917592000-7fe9175a9000 r-xp 00000000 08:05 2888498                    /lib/x86_64-linux-gnu/libnsl-2.27.so
7fe9175a9000-7fe9177a8000 ---p 00017000 08:05 2888498                    /lib/x86_64-linux-gnu/libnsl-2.27.so
7fe9177a8000-7fe9177a9000 r--p 00016000 08:05 2888498                    /lib/x86_64-linux-gnu/libnsl-2.27.so
7fe9177a9000-7fe9177aa000 rw-p 00017000 08:05 2888498                    /lib/x86_64-linux-gnu/libnsl-2.27.so
7fe9177aa000-7fe9177ac000 rw-p 00000000 00:00 0 
7fe9177ac000-7fe9177b7000 r-xp 00000000 08:05 2888515                    /lib/x86_64-linux-gnu/libnss_nis-2.27.so
7fe9177b7000-7fe9179b6000 ---p 0000b000 08:05 2888515                    /lib/x86_64-linux-gnu/libnss_nis-2.27.so
7fe9179b6000-7fe9179b7000 r--p 0000a000 08:05 2888515                    /lib/x86_64-linux-gnu/libnss_nis-2.27.so
7fe9179b7000-7fe9179b8000 rw-p 0000b000 08:05 2888515                    /lib/x86_64-linux-gnu/libnss_nis-2.27.so
7fe9179b8000-7fe9179c0000 r-xp 00000000 08:05 2888500                    /lib/x86_64-linux-gnu/libnss_compat-2.27.so
7fe9179c0000-7fe917bc0000 ---p 00008000 08:05 2888500                    /lib/x86_64-linux-gnu/libnss_compat-2.27.so
7fe917bc0000-7fe917bc1000 r--p 00008000 08:05 2888500                    /lib/x86_64-linux-gnu/libnss_compat-2.27.so
7fe917bc1000-7fe917bc2000 rw-p 00009000 08:05 2888500                    /lib/x86_64-linux-gnu/libnss_compat-2.27.so
7fe917bc2000-7fe917bef000 r-xp 00000000 08:05 1969139                    /usr/lib/jvm/java-8-oracle/jre/lib/amd64/libjava.so
7fe917bef000-7fe917dee000 ---p 0002d000 08:05 1969139                    /usr/lib/jvm/java-8-oracle/jre/lib/amd64/libjava.so
7fe917dee000-7fe917def000 r--p 0002c000 08:05 1969139                    /usr/lib/jvm/java-8-oracle/jre/lib/amd64/libjava.so
7fe917def000-7fe917df1000 rw-p 0002d000 08:05 1969139                    /usr/lib/jvm/java-8-oracle/jre/lib/amd64/libjava.so
7fe917df1000-7fe917dfe000 r-xp 00000000 08:05 1969144                    /usr/lib/jvm/java-8-oracle/jre/lib/amd64/libverify.so
7fe917dfe000-7fe917ffd000 ---p 0000d000 08:05 1969144                    /usr/lib/jvm/java-8-oracle/jre/lib/amd64/libverify.so
7fe917ffd000-7fe917fff000 r--p 0000c000 08:05 1969144                    /usr/lib/jvm/java-8-oracle/jre/lib/amd64/libverify.so
7fe917fff000-7fe918000000 rw-p 0000e000 08:05 1969144                    /usr/lib/jvm/java-8-oracle/jre/lib/amd64/libverify.so
7fe918000000-7fe9186cb000 rw-p 00000000 00:00 0 
7fe9186cb000-7fe91c000000 ---p 00000000 00:00 0 
7fe91c000000-7fe91c001000 r--s 00000000 08:05 4466528                    /home/vanniery/.m2/repository/org/springframework/boot/spring-boot-starter-jdbc/2.0.6.RELEASE/spring-boot-starter-jdbc-2.0.6.RELEASE.jar
7fe91c001000-7fe91c003000 r--s 00005000 08:05 4466518                    /home/vanniery/.m2/repository/javax/annotation/javax.annotation-api/1.3.2/javax.annotation-api-1.3.2.jar
7fe91c003000-7fe91c005000 r--s 00000000 08:05 4466516                    /home/vanniery/.m2/repository/org/slf4j/jul-to-slf4j/1.7.25/jul-to-slf4j-1.7.25.jar
7fe91c005000-7fe91c010000 r--s 00069000 08:05 4466510                    /home/vanniery/.m2/repository/ch/qos/logback/logback-core/1.2.3/logback-core-1.2.3.jar
7fe91c010000-7fe91c011000 ---p 00000000 00:00 0 
7fe91c011000-7fe91c111000 rw-p 00000000 00:00 0 
7fe91c111000-7fe91c118000 r-xp 00000000 08:05 2888555                    /lib/x86_64-linux-gnu/librt-2.27.so
7fe91c118000-7fe91c317000 ---p 00007000 08:05 2888555                    /lib/x86_64-linux-gnu/librt-2.27.so
7fe91c317000-7fe91c318000 r--p 00006000 08:05 2888555                    /lib/x86_64-linux-gnu/librt-2.27.so
7fe91c318000-7fe91c319000 rw-p 00007000 08:05 2888555                    /lib/x86_64-linux-gnu/librt-2.27.so
7fe91c319000-7fe91c4b6000 r-xp 00000000 08:05 2888477                    /lib/x86_64-linux-gnu/libm-2.27.so
7fe91c4b6000-7fe91c6b5000 ---p 0019d000 08:05 2888477                    /lib/x86_64-linux-gnu/libm-2.27.so
7fe91c6b5000-7fe91c6b6000 r--p 0019c000 08:05 2888477                    /lib/x86_64-linux-gnu/libm-2.27.so
7fe91c6b6000-7fe91c6b7000 rw-p 0019d000 08:05 2888477                    /lib/x86_64-linux-gnu/libm-2.27.so
7fe91c6b7000-7fe91d399000 r-xp 00000000 08:05 1969121                    /usr/lib/jvm/java-8-oracle/jre/lib/amd64/server/libjvm.so
7fe91d399000-7fe91d599000 ---p 00ce2000 08:05 1969121                    /usr/lib/jvm/java-8-oracle/jre/lib/amd64/server/libjvm.so
7fe91d599000-7fe91d62f000 r--p 00ce2000 08:05 1969121                    /usr/lib/jvm/java-8-oracle/jre/lib/amd64/server/libjvm.so
7fe91d62f000-7fe91d660000 rw-p 00d78000 08:05 1969121                    /usr/lib/jvm/java-8-oracle/jre/lib/amd64/server/libjvm.so
7fe91d660000-7fe91d69b000 rw-p 00000000 00:00 0 
7fe91d69b000-7fe91d882000 r-xp 00000000 08:05 2888414                    /lib/x86_64-linux-gnu/libc-2.27.so
7fe91d882000-7fe91da82000 ---p 001e7000 08:05 2888414                    /lib/x86_64-linux-gnu/libc-2.27.so
7fe91da82000-7fe91da86000 r--p 001e7000 08:05 2888414                    /lib/x86_64-linux-gnu/libc-2.27.so
7fe91da86000-7fe91da88000 rw-p 001eb000 08:05 2888414                    /lib/x86_64-linux-gnu/libc-2.27.so
7fe91da88000-7fe91da8c000 rw-p 00000000 00:00 0 
7fe91da8c000-7fe91da8f000 r-xp 00000000 08:05 2888437                    /lib/x86_64-linux-gnu/libdl-2.27.so
7fe91da8f000-7fe91dc8e000 ---p 00003000 08:05 2888437                    /lib/x86_64-linux-gnu/libdl-2.27.so
7fe91dc8e000-7fe91dc8f000 r--p 00002000 08:05 2888437                    /lib/x86_64-linux-gnu/libdl-2.27.so
7fe91dc8f000-7fe91dc90000 rw-p 00003000 08:05 2888437                    /lib/x86_64-linux-gnu/libdl-2.27.so
7fe91dc90000-7fe91dca7000 r-xp 00000000 08:05 1968125                    /usr/lib/jvm/java-8-oracle/lib/amd64/jli/libjli.so
7fe91dca7000-7fe91dea6000 ---p 00017000 08:05 1968125                    /usr/lib/jvm/java-8-oracle/lib/amd64/jli/libjli.so
7fe91dea6000-7fe91dea7000 r--p 00016000 08:05 1968125                    /usr/lib/jvm/java-8-oracle/lib/amd64/jli/libjli.so
7fe91dea7000-7fe91dea8000 rw-p 00017000 08:05 1968125                    /usr/lib/jvm/java-8-oracle/lib/amd64/jli/libjli.so
7fe91dea8000-7fe91dec2000 r-xp 00000000 08:05 2888547                    /lib/x86_64-linux-gnu/libpthread-2.27.so
7fe91dec2000-7fe91e0c1000 ---p 0001a000 08:05 2888547                    /lib/x86_64-linux-gnu/libpthread-2.27.so
7fe91e0c1000-7fe91e0c2000 r--p 00019000 08:05 2888547                    /lib/x86_64-linux-gnu/libpthread-2.27.so
7fe91e0c2000-7fe91e0c3000 rw-p 0001a000 08:05 2888547                    /lib/x86_64-linux-gnu/libpthread-2.27.so
7fe91e0c3000-7fe91e0c7000 rw-p 00000000 00:00 0 
7fe91e0c7000-7fe91e0ee000 r-xp 00000000 08:05 2888386                    /lib/x86_64-linux-gnu/ld-2.27.so
7fe91e0ee000-7fe91e1d3000 rw-p 00000000 00:00 0 
7fe91e1d3000-7fe91e1d4000 ---p 00000000 00:00 0 
7fe91e1d4000-7fe91e1d7000 ---p 00000000 00:00 0 
7fe91e1d7000-7fe91e2d8000 rw-p 00000000 00:00 0 
7fe91e2d8000-7fe91e2d9000 r--s 00000000 08:05 4466522                    /home/vanniery/.m2/repository/org/springframework/boot/spring-boot-starter-aop/2.0.6.RELEASE/spring-boot-starter-aop-2.0.6.RELEASE.jar
7fe91e2d9000-7fe91e2db000 r--s 00003000 08:05 4466512                    /home/vanniery/.m2/repository/org/apache/logging/log4j/log4j-to-slf4j/2.10.0/log4j-to-slf4j-2.10.0.jar
7fe91e2db000-7fe91e2e1000 r--s 00041000 08:05 4466508                    /home/vanniery/.m2/repository/ch/qos/logback/logback-classic/1.2.3/logback-classic-1.2.3.jar
7fe91e2e1000-7fe91e2e2000 r--s 00000000 08:05 4466506                    /home/vanniery/.m2/repository/org/springframework/boot/spring-boot-starter-logging/2.0.6.RELEASE/spring-boot-starter-logging-2.0.6.RELEASE.jar
7fe91e2e2000-7fe91e2e3000 r--s 00000000 08:05 4466504                    /home/vanniery/.m2/repository/org/springframework/boot/spring-boot-starter/2.0.6.RELEASE/spring-boot-starter-2.0.6.RELEASE.jar
7fe91e2e3000-7fe91e2e4000 r--s 00000000 08:05 4466502                    /home/vanniery/.m2/repository/org/springframework/boot/spring-boot-starter-data-jpa/2.0.6.RELEASE/spring-boot-starter-data-jpa-2.0.6.RELEASE.jar
7fe91e2e4000-7fe91e2ec000 rw-s 00000000 08:05 3276975                    /tmp/hsperfdata_vanniery/16433
7fe91e2ec000-7fe91e2ed000 rw-p 00000000 00:00 0 
7fe91e2ed000-7fe91e2ee000 ---p 00000000 00:00 0 
7fe91e2ee000-7fe91e2ef000 r--p 00027000 08:05 2888386                    /lib/x86_64-linux-gnu/ld-2.27.so
7fe91e2ef000-7fe91e2f0000 rw-p 00028000 08:05 2888386                    /lib/x86_64-linux-gnu/ld-2.27.so
7fe91e2f0000-7fe91e2f1000 rw-p 00000000 00:00 0 
7ffc81013000-7ffc81036000 rw-p 00000000 00:00 0                          [stack]
7ffc811b9000-7ffc811bc000 r--p 00000000 00:00 0                          [vvar]
7ffc811bc000-7ffc811be000 r-xp 00000000 00:00 0                          [vdso]
ffffffffff600000-ffffffffff601000 r-xp 00000000 00:00 0                  [vsyscall]

VM Arguments:
jvm_args: -Dfile.encoding=UTF-8 
java_command: com.locadora.apirest.ApirestApplication
java_class_path (initial): /home/vanniery/eclipse-workspace/apirest/target/classes:/home/vanniery/.m2/repository/org/springframework/boot/spring-boot-starter-data-jpa/2.0.6.RELEASE/spring-boot-starter-data-jpa-2.0.6.RELEASE.jar:/home/vanniery/.m2/repository/org/springframework/boot/spring-boot-starter/2.0.6.RELEASE/spring-boot-starter-2.0.6.RELEASE.jar:/home/vanniery/.m2/repository/org/springframework/boot/spring-boot-starter-logging/2.0.6.RELEASE/spring-boot-starter-logging-2.0.6.RELEASE.jar:/home/vanniery/.m2/repository/ch/qos/logback/logback-classic/1.2.3/logback-classic-1.2.3.jar:/home/vanniery/.m2/repository/ch/qos/logback/logback-core/1.2.3/logback-core-1.2.3.jar:/home/vanniery/.m2/repository/org/apache/logging/log4j/log4j-to-slf4j/2.10.0/log4j-to-slf4j-2.10.0.jar:/home/vanniery/.m2/repository/org/apache/logging/log4j/log4j-api/2.10.0/log4j-api-2.10.0.jar:/home/vanniery/.m2/repository/org/slf4j/jul-to-slf4j/1.7.25/jul-to-slf4j-1.7.25.jar:/home/vanniery/.m2/repository/javax/annotation/javax.annotation-api/1.3.2/javax.annotation-api-1.3.2.jar:/home/vanniery/.m2/repository/org/yaml/snakeyaml/1.19/snakeyaml-1.19.jar:/home/vanniery/.m2/repository/org/springframework/boot/spring-boot-starter-aop/2.0.6.RELEASE/spring-boot-starter-aop-2.0.6.RELEASE.jar:/home/vanniery/.m2/repository/org/springframework/spring-aop/5.0.10.RELEASE/spring-aop-5.0.10.RELEASE.jar:/home/vanniery/.m2/repository/org/aspectj/aspectjweaver/1.8.13/aspectjweaver-1.8.13.jar:/home/vanniery/.m2/repository/org/springframework/boot/spring-boot-starter-jdbc/2.0.6.RELEASE/spring-boot-starter-jdbc-2.0.6.RELEASE.jar:/home/vanniery/.m2/repository/com/zaxxer/HikariCP/2.7.9/HikariCP-2.7.9.jar:/home/vanniery/.m2/repository/org/springframework/spring-jdbc/5.0.10.RELEASE/spring-jdbc-5.0.10.RELEASE.jar:/home/vanniery/.m2/repository/javax/transaction/javax.transaction-api/1.2/javax.transaction-api-1.2.jar:/home/vanniery/.m2/repository/org/hibernate/hibernate-core/5.2.17.Final/hibernate-core-5.2.17.Final.jar:/home
Launcher Type: SUN_STANDARD

Environment Variables:
JAVA_HOME=/usr/lib/jvm/java-8-oracle
PATH=/usr/local/sbin:/usr/local/bin:/usr/sbin:/usr/bin:/sbin:/bin:/usr/games:/usr/local/games:/snap/bin:/usr/lib/jvm/java-8-oracle/bin:/usr/lib/jvm/java-8-oracle/db/bin:/usr/lib/jvm/java-8-oracle/jre/bin
USERNAME=vanniery
SHELL=/bin/bash
DISPLAY=:0

Signal Handlers:
SIGSEGV: [libjvm.so+0xaced60], sa_mask[0]=11111111011111111101111111111110, sa_flags=SA_RESTART|SA_SIGINFO
SIGBUS: [libjvm.so+0xaced60], sa_mask[0]=11111111011111111101111111111110, sa_flags=SA_RESTART|SA_SIGINFO
SIGFPE: [libjvm.so+0x907ca0], sa_mask[0]=11111111011111111101111111111110, sa_flags=SA_RESTART|SA_SIGINFO
SIGPIPE: [libjvm.so+0x907ca0], sa_mask[0]=11111111011111111101111111111110, sa_flags=SA_RESTART|SA_SIGINFO
SIGXFSZ: [libjvm.so+0x907ca0], sa_mask[0]=11111111011111111101111111111110, sa_flags=SA_RESTART|SA_SIGINFO
SIGILL: [libjvm.so+0x907ca0], sa_mask[0]=11111111011111111101111111111110, sa_flags=SA_RESTART|SA_SIGINFO
SIGUSR1: SIG_DFL, sa_mask[0]=00000000000000000000000000000000, sa_flags=none
SIGUSR2: [libjvm.so+0x907b70], sa_mask[0]=00100000000000000000000000000000, sa_flags=SA_RESTART|SA_SIGINFO
SIGHUP: [libjvm.so+0x908190], sa_mask[0]=11111111011111111101111111111110, sa_flags=SA_RESTART|SA_SIGINFO
SIGINT: [libjvm.so+0x908190], sa_mask[0]=11111111011111111101111111111110, sa_flags=SA_RESTART|SA_SIGINFO
SIGTERM: [libjvm.so+0x908190], sa_mask[0]=11111111011111111101111111111110, sa_flags=SA_RESTART|SA_SIGINFO
SIGQUIT: [libjvm.so+0x908190], sa_mask[0]=11111111011111111101111111111110, sa_flags=SA_RESTART|SA_SIGINFO


---------------  S Y S T E M  ---------------

OS:DISTRIB_ID=Ubuntu
DISTRIB_RELEASE=18.04
DISTRIB_CODENAME=bionic
DISTRIB_DESCRIPTION="Ubuntu 18.04.1 LTS"

uname:Linux 4.15.0-38-generic #41-Ubuntu SMP Wed Oct 10 10:59:38 UTC 2018 x86_64
libc:glibc 2.27 NPTL 2.27 
rlimit: STACK 8192k, CORE 0k, NPROC 14978, NOFILE 4096, AS infinity
load average:7,45 3,35 2,80

/proc/meminfo:
MemTotal:        3922812 kB
MemFree:          104124 kB
MemAvailable:      22588 kB
Buffers:             864 kB
Cached:           302188 kB
SwapCached:         2456 kB
Active:          2919540 kB
Inactive:         595816 kB
Active(anon):    2912868 kB
Inactive(anon):   582500 kB
Active(file):       6672 kB
Inactive(file):    13316 kB
Unevictable:          88 kB
Mlocked:              88 kB
SwapTotal:       2097148 kB
SwapFree:            100 kB
Dirty:               172 kB
Writeback:             0 kB
AnonPages:       3211820 kB
Mapped:           129764 kB
Shmem:            282756 kB
Slab:             119848 kB
SReclaimable:      53200 kB
SUnreclaim:        66648 kB
KernelStack:       17696 kB
PageTables:        81824 kB
NFS_Unstable:          0 kB
Bounce:                0 kB
WritebackTmp:          0 kB
CommitLimit:     4058552 kB
Committed_AS:   15915204 kB
VmallocTotal:   34359738367 kB
VmallocUsed:           0 kB
VmallocChunk:          0 kB
HardwareCorrupted:     0 kB
AnonHugePages:         0 kB
ShmemHugePages:        0 kB
ShmemPmdMapped:        0 kB
CmaTotal:              0 kB
CmaFree:               0 kB
HugePages_Total:       0
HugePages_Free:        0
HugePages_Rsvd:        0
HugePages_Surp:        0
Hugepagesize:       2048 kB
DirectMap4k:      339960 kB
DirectMap2M:     3737600 kB

container (cgroup) information:
container_type: cgroupv1
cpu_cpuset_cpus: 0-3
cpu_memory_nodes: 0
active_processor_count: 4
cpu_quota: -1
cpu_period: 100000
cpu_shares: -1
memory_limit_in_bytes: -1
memory_and_swap_limit_in_bytes: -2
memory_soft_limit_in_bytes: -1
memory_usage_in_bytes: 3604381696
memory_max_usage_in_bytes: 179486720


CPU:total 4 (initial active 4) (2 cores per cpu, 2 threads per core) family 6 model 58 stepping 9, cmov, cx8, fxsr, mmx, sse, sse2, sse3, ssse3, sse4.1, sse4.2, popcnt, avx, aes, clmul, erms, ht, tsc, tscinvbit, tscinv

/proc/cpuinfo:
processor	: 0
vendor_id	: GenuineIntel
cpu family	: 6
model		: 58
model name	: Intel(R) Core(TM) i5-3230M CPU @ 2.60GHz
stepping	: 9
microcode	: 0x20
cpu MHz		: 2988.825
cache size	: 3072 KB
physical id	: 0
siblings	: 4
core id		: 0
cpu cores	: 2
apicid		: 0
initial apicid	: 0
fpu		: yes
fpu_exception	: yes
cpuid level	: 13
wp		: yes
flags		: fpu vme de pse tsc msr pae mce cx8 apic sep mtrr pge mca cmov pat pse36 clflush dts acpi mmx fxsr sse sse2 ss ht tm pbe syscall nx rdtscp lm constant_tsc arch_perfmon pebs bts rep_good nopl xtopology nonstop_tsc cpuid aperfmperf pni pclmulqdq dtes64 monitor ds_cpl vmx est tm2 ssse3 cx16 xtpr pdcm pcid sse4_1 sse4_2 x2apic popcnt tsc_deadline_timer aes xsave avx f16c rdrand lahf_lm cpuid_fault epb pti ssbd ibrs ibpb stibp tpr_shadow vnmi flexpriority ept vpid fsgsbase smep erms xsaveopt dtherm ida arat pln pts flush_l1d
bugs		: cpu_meltdown spectre_v1 spectre_v2 spec_store_bypass l1tf
bogomips	: 5188.13
clflush size	: 64
cache_alignment	: 64
address sizes	: 36 bits physical, 48 bits virtual
power management:

processor	: 1
vendor_id	: GenuineIntel
cpu family	: 6
model		: 58
model name	: Intel(R) Core(TM) i5-3230M CPU @ 2.60GHz
stepping	: 9
microcode	: 0x20
cpu MHz		: 2992.525
cache size	: 3072 KB
physical id	: 0
siblings	: 4
core id		: 1
cpu cores	: 2
apicid		: 2
initial apicid	: 2
fpu		: yes
fpu_exception	: yes
cpuid level	: 13
wp		: yes
flags		: fpu vme de pse tsc msr pae mce cx8 apic sep mtrr pge mca cmov pat pse36 clflush dts acpi mmx fxsr sse sse2 ss ht tm pbe syscall nx rdtscp lm constant_tsc arch_perfmon pebs bts rep_good nopl xtopology nonstop_tsc cpuid aperfmperf pni pclmulqdq dtes64 monitor ds_cpl vmx est tm2 ssse3 cx16 xtpr pdcm pcid sse4_1 sse4_2 x2apic popcnt tsc_deadline_timer aes xsave avx f16c rdrand lahf_lm cpuid_fault epb pti ssbd ibrs ibpb stibp tpr_shadow vnmi flexpriority ept vpid fsgsbase smep erms xsaveopt dtherm ida arat pln pts flush_l1d
bugs		: cpu_meltdown spectre_v1 spectre_v2 spec_store_bypass l1tf
bogomips	: 5188.13
clflush size	: 64
cache_alignment	: 64
address sizes	: 36 bits physical, 48 bits virtual
power management:

processor	: 2
vendor_id	: GenuineIntel
cpu family	: 6
model		: 58
model name	: Intel(R) Core(TM) i5-3230M CPU @ 2.60GHz
stepping	: 9
microcode	: 0x20
cpu MHz		: 2993.150
cache size	: 3072 KB
physical id	: 0
siblings	: 4
core id		: 0
cpu cores	: 2
apicid		: 1
initial apicid	: 1
fpu		: yes
fpu_exception	: yes
cpuid level	: 13
wp		: yes
flags		: fpu vme de pse tsc msr pae mce cx8 apic sep mtrr pge mca cmov pat pse36 clflush dts acpi mmx fxsr sse sse2 ss ht tm pbe syscall nx rdtscp lm constant_tsc arch_perfmon pebs bts rep_good nopl xtopology nonstop_tsc cpuid aperfmperf pni pclmulqdq dtes64 monitor ds_cpl vmx est tm2 ssse3 cx16 xtpr pdcm pcid sse4_1 sse4_2 x2apic popcnt tsc_deadline_timer aes xsave avx f16c rdrand lahf_lm cpuid_fault epb pti ssbd ibrs ibpb stibp tpr_shadow vnmi flexpriority ept vpid fsgsbase smep erms xsaveopt dtherm ida arat pln pts flush_l1d
bugs		: cpu_meltdown spectre_v1 spectre_v2 spec_store_bypass l1tf
bogomips	: 5188.13
clflush size	: 64
cache_alignment	: 64
address sizes	: 36 bits physical, 48 bits virtual
power management:

processor	: 3
vendor_id	: GenuineIntel
cpu family	: 6
model		: 58
model name	: Intel(R) Core(TM) i5-3230M CPU @ 2.60GHz
stepping	: 9
microcode	: 0x20
cpu MHz		: 2993.076
cache size	: 3072 KB
physical id	: 0
siblings	: 4
core id		: 1
cpu cores	: 2
apicid		: 3
initial apicid	: 3
fpu		: yes
fpu_exception	: yes
cpuid level	: 13
wp		: yes
flags		: fpu vme de pse tsc msr pae mce cx8 apic sep mtrr pge mca cmov pat pse36 clflush dts acpi mmx fxsr sse sse2 ss ht tm pbe syscall nx rdtscp lm constant_tsc arch_perfmon pebs bts rep_good nopl xtopology nonstop_tsc cpuid aperfmperf pni pclmulqdq dtes64 monitor ds_cpl vmx est tm2 ssse3 cx16 xtpr pdcm pcid sse4_1 sse4_2 x2apic popcnt tsc_deadline_timer aes xsave avx f16c rdrand lahf_lm cpuid_fault epb pti ssbd ibrs ibpb stibp tpr_shadow vnmi flexpriority ept vpid fsgsbase smep erms xsaveopt dtherm ida arat pln pts flush_l1d
bugs		: cpu_meltdown spectre_v1 spectre_v2 spec_store_bypass l1tf
bogomips	: 5188.13
clflush size	: 64
cache_alignment	: 64
address sizes	: 36 bits physical, 48 bits virtual
power management:



Memory: 4k page, physical 3922812k(106356k free), swap 2097148k(124k free)

vm_info: Java HotSpot(TM) 64-Bit Server VM (25.191-b12) for linux-amd64 JRE (1.8.0_191-b12), built on Oct  6 2018 05:43:09 by "java_re" with gcc 7.3.0

time: Fri Oct 26 10:56:51 2018
elapsed time: 21 seconds (0d 0h 0m 21s)

